0 info it worked if it ends with ok
1 verbose cli [ 'node', '/usr/local/bin/npm', 'install' ]
2 info using npm@2.5.1
3 info using node@v1.3.0
4 verbose node symlink /usr/local/bin/node
5 error install Couldn't read dependencies
6 verbose stack Error: ENOENT: no such file or directory, open '/Users/stevenoel/Desktop/Social-Wall-Ver-2.0/Code/Website/app/finalReceiver/package.json'
6 verbose stack     at Error (native)
7 verbose cwd /Users/stevenoel/Desktop/Social-Wall-Ver-2.0/Code/Website/app/finalReceiver
8 error Darwin 14.0.0
9 error argv "node" "/usr/local/bin/npm" "install"
10 error node v1.3.0
11 error npm  v2.5.1
12 error path /Users/stevenoel/Desktop/Social-Wall-Ver-2.0/Code/Website/app/finalReceiver/package.json
13 error code ENOPACKAGEJSON
14 error errno -2
15 error syscall open
16 error package.json ENOENT: no such file or directory, open '/Users/stevenoel/Desktop/Social-Wall-Ver-2.0/Code/Website/app/finalReceiver/package.json'
16 error package.json This is most likely not a problem with npm itself.
16 error package.json npm can't find a package.json file in your current directory.
17 verbose exit [ -2, true ]
